<?xml version="1.0" encoding="UTF-8"?>
<!-- Generated by org.testng.reporters.JUnitXMLReporter -->
<testsuite ignored="3" hostname="aamir-Vostro-2520" failures="0" tests="1" name="Default test" time="5.074" errors="0" timestamp="2021-12-08T10:27:40 IST">
  <testcase classname="com.apitest.nsp.ApiTesting.RestClient" name="getMethod" time="5.018"/>
  <testcase classname="com.apitest.nsp.ApiTesting.RestClient" name="deleteMethod" time="0.0">
    <ignored/>
  </testcase> <!-- deleteMethod -->
  <testcase classname="com.apitest.nsp.ApiTesting.RestClient" name="postMethod" time="0.0">
    <ignored/>
  </testcase> <!-- postMethod -->
  <testcase classname="com.apitest.nsp.ApiTesting.RestClient" name="patchMethod" time="0.0">
    <ignored/>
  </testcase> <!-- patchMethod -->
</testsuite> <!-- Default test -->
