<?xml version="1.0" encoding="UTF-8"?>
<testng-results ignored="0" total="1" passed="1" failed="0" skipped="0">
  <reporter-output>
  </reporter-output>
  <suite started-at="2021-12-26T18:02:12 IST" name="Default suite" finished-at="2021-12-26T18:02:30 IST" duration-ms="17594">
    <groups>
    </groups>
    <test started-at="2021-12-26T18:02:12 IST" name="Default test" finished-at="2021-12-26T18:02:30 IST" duration-ms="17594">
      <class name="com.selenium.testing.SeleniumTestingOne.PageFactoryModelImpl">
        <test-method is-config="true" signature="open()[pri:0, instance:com.selenium.testing.SeleniumTestingOne.PageFactoryModelImpl@15ff3e9e]" started-at="2021-12-26T18:02:12 IST" name="open" finished-at="2021-12-26T18:02:27 IST" duration-ms="15294" status="PASS">
          <reporter-output>
          </reporter-output>
        </test-method> <!-- open -->
        <test-method signature="test()[pri:0, instance:com.selenium.testing.SeleniumTestingOne.PageFactoryModelImpl@15ff3e9e]" started-at="2021-12-26T18:02:28 IST" name="test" finished-at="2021-12-26T18:02:28 IST" duration-ms="183" status="PASS">
          <reporter-output>
          </reporter-output>
        </test-method> <!-- test -->
        <test-method is-config="true" signature="close()[pri:0, instance:com.selenium.testing.SeleniumTestingOne.PageFactoryModelImpl@15ff3e9e]" started-at="2021-12-26T18:02:28 IST" name="close" finished-at="2021-12-26T18:02:30 IST" duration-ms="2089" status="PASS">
          <reporter-output>
          </reporter-output>
        </test-method> <!-- close -->
      </class> <!-- com.selenium.testing.SeleniumTestingOne.PageFactoryModelImpl -->
    </test> <!-- Default test -->
  </suite> <!-- Default suite -->
</testng-results>
