<?xml version="1.0" encoding="UTF-8"?>
<testng-results ignored="0" total="1" passed="0" failed="1" skipped="0">
  <reporter-output>
  </reporter-output>
  <suite started-at="2021-12-26T17:28:02 IST" name="Default suite" finished-at="2021-12-26T17:28:12 IST" duration-ms="9022">
    <groups>
    </groups>
    <test started-at="2021-12-26T17:28:02 IST" name="Default test" finished-at="2021-12-26T17:28:12 IST" duration-ms="9022">
      <class name="com.makemytrip.testing.MakeMyTripTest.PlanTrip">
        <test-method is-config="true" signature="startDriver()[pri:0, instance:com.makemytrip.testing.MakeMyTripTest.PlanTrip@4a22f9e2]" started-at="2021-12-26T17:28:02 IST" name="startDriver" finished-at="2021-12-26T17:28:11 IST" duration-ms="8830" status="PASS">
          <reporter-output>
          </reporter-output>
        </test-method> <!-- startDriver -->
        <test-method signature="planTrip()[pri:0, instance:com.makemytrip.testing.MakeMyTripTest.PlanTrip@4a22f9e2]" started-at="2021-12-26T17:28:11 IST" name="planTrip" finished-at="2021-12-26T17:28:11 IST" duration-ms="26" status="FAIL">
          <exception class="java.lang.ClassCastException">
            <message>
              <![CDATA[class com.sun.proxy.$Proxy12 cannot be cast to class org.openqa.selenium.By (com.sun.proxy.$Proxy12 and org.openqa.selenium.By are in unnamed module of loader 'app')]]>
            </message>
            <full-stacktrace>
              <![CDATA[java.lang.ClassCastException: class com.sun.proxy.$Proxy12 cannot be cast to class org.openqa.selenium.By (com.sun.proxy.$Proxy12 and org.openqa.selenium.By are in unnamed module of loader 'app')
at com.makemytrip.testing.MakeMyTripTest.BasePage.popupClose(BasePage.java:48)
at com.makemytrip.testing.MakeMyTripTest.PlanTrip.planTrip(PlanTrip.java:26)
at java.base/jdk.internal.reflect.NativeMethodAccessorImpl.invoke0(Native Method)
at java.base/jdk.internal.reflect.NativeMethodAccessorImpl.invoke(NativeMethodAccessorImpl.java:64)
at java.base/jdk.internal.reflect.DelegatingMethodAccessorImpl.invoke(DelegatingMethodAccessorImpl.java:43)
at java.base/java.lang.reflect.Method.invoke(Method.java:564)
at org.testng.internal.MethodInvocationHelper.invokeMethod(MethodInvocationHelper.java:133)
at org.testng.internal.TestInvoker.invokeMethod(TestInvoker.java:598)
at org.testng.internal.TestInvoker.invokeTestMethod(TestInvoker.java:173)
at org.testng.internal.MethodRunner.runInSequence(MethodRunner.java:46)
at org.testng.internal.TestInvoker$MethodInvocationAgent.invoke(TestInvoker.java:824)
at org.testng.internal.TestInvoker.invokeTestMethods(TestInvoker.java:146)
at org.testng.internal.TestMethodWorker.invokeTestMethods(TestMethodWorker.java:146)
at org.testng.internal.TestMethodWorker.run(TestMethodWorker.java:128)
at java.base/java.util.ArrayList.forEach(ArrayList.java:1511)
at org.testng.TestRunner.privateRun(TestRunner.java:794)
at org.testng.TestRunner.run(TestRunner.java:596)
at org.testng.SuiteRunner.runTest(SuiteRunner.java:377)
at org.testng.SuiteRunner.runSequentially(SuiteRunner.java:371)
at org.testng.SuiteRunner.privateRun(SuiteRunner.java:332)
at org.testng.SuiteRunner.run(SuiteRunner.java:276)
at org.testng.SuiteRunnerWorker.runSuite(SuiteRunnerWorker.java:53)
at org.testng.SuiteRunnerWorker.run(SuiteRunnerWorker.java:96)
at org.testng.TestNG.runSuitesSequentially(TestNG.java:1212)
at org.testng.TestNG.runSuitesLocally(TestNG.java:1134)
at org.testng.TestNG.runSuites(TestNG.java:1063)
at org.testng.TestNG.run(TestNG.java:1031)
at org.testng.remote.AbstractRemoteTestNG.run(AbstractRemoteTestNG.java:115)
at org.testng.remote.RemoteTestNG.initAndRun(RemoteTestNG.java:251)
at org.testng.remote.RemoteTestNG.main(RemoteTestNG.java:77)
]]>
            </full-stacktrace>
          </exception> <!-- java.lang.ClassCastException -->
          <reporter-output>
          </reporter-output>
        </test-method> <!-- planTrip -->
        <test-method is-config="true" signature="closeDriver()[pri:0, instance:com.makemytrip.testing.MakeMyTripTest.PlanTrip@4a22f9e2]" started-at="2021-12-26T17:28:11 IST" name="closeDriver" finished-at="2021-12-26T17:28:12 IST" duration-ms="144" status="PASS">
          <reporter-output>
          </reporter-output>
        </test-method> <!-- closeDriver -->
      </class> <!-- com.makemytrip.testing.MakeMyTripTest.PlanTrip -->
    </test> <!-- Default test -->
  </suite> <!-- Default suite -->
</testng-results>
