<?xml version="1.0" encoding="UTF-8"?>
<!-- Generated by org.testng.reporters.JUnitXMLReporter -->
<testsuite ignored="3" hostname="DESKTOP-4TSBSQ7" failures="0" tests="0" time="0.006" errors="0" timestamp="2021-12-09T20:51:21 IST">
  <testcase classname="testcases.LoginPagePOMTests" name="verifyLoginLogoPF" time="0.0">
    <ignored/>
  </testcase> <!-- verifyLoginLogoPF -->
  <testcase classname="testcases.LoginPagePOMTests" name="loginTest" time="0.0">
    <ignored/>
  </testcase> <!-- loginTest -->
  <testcase classname="testcases.LoginPagePOMTests" name="verifyBotLogo" time="0.0">
    <ignored/>
  </testcase> <!-- verifyBotLogo -->
</testsuite>
