<?xml version="1.0" encoding="UTF-8"?>
<!-- Generated by org.testng.reporters.JUnitXMLReporter -->
<testsuite ignored="0" hostname="aamir-Vostro-2520" failures="0" tests="3" name="Test" time="15.628" errors="0" timestamp="2021-12-14T11:36:44 IST">
  <testcase classname="com.selenium.testing.SeleniumTestingOne.MouseAction" name="mouseAction" time="10.553"/>
  <testcase classname="com.selenium.testing.SeleniumTestingOne.CheckBoxSelection" name="selectCheckBox" time="1.108"/>
  <testcase classname="com.selenium.testing.SeleniumTestingOne.AppTest" name="testApp" time="0.005"/>
</testsuite> <!-- Test -->
