<?xml version="1.0" encoding="UTF-8"?>
<testng-results ignored="0" total="1" passed="1" failed="0" skipped="0">
  <reporter-output>
  </reporter-output>
  <suite started-at="2021-12-05T17:11:35 IST" name="Default suite" finished-at="2021-12-05T17:11:39 IST" duration-ms="4302">
    <groups>
    </groups>
    <test started-at="2021-12-05T17:11:35 IST" name="Default test" finished-at="2021-12-05T17:11:39 IST" duration-ms="4302">
      <class name="com.apitest.nsp.ApiTesting.RestClient">
        <test-method signature="getMethod()[pri:0, instance:com.apitest.nsp.ApiTesting.RestClient@2a32de6c]" started-at="2021-12-05T17:11:35 IST" name="getMethod" finished-at="2021-12-05T17:11:39 IST" duration-ms="4235" status="PASS">
          <reporter-output>
          </reporter-output>
        </test-method> <!-- getMethod -->
      </class> <!-- com.apitest.nsp.ApiTesting.RestClient -->
    </test> <!-- Default test -->
  </suite> <!-- Default suite -->
</testng-results>
