<?xml version="1.0" encoding="UTF-8"?>
<!-- Generated by org.testng.reporters.JUnitXMLReporter -->
<testsuite ignored="2" hostname="aamir-Vostro-2520" failures="0" tests="0" time="0.016" errors="0" timestamp="2021-12-07T10:54:40 IST">
  <testcase classname="com.makemytrip.testing.MakeMyTripTest.TripTest" name="webDriver" time="0.0">
    <ignored/>
  </testcase> <!-- webDriver -->
  <testcase classname="com.makemytrip.testing.MakeMyTripTest.TripTest" name="dateSelector" time="0.0">
    <ignored/>
  </testcase> <!-- dateSelector -->
</testsuite>
